# JRE version: OpenJDK Runtime Environment (8.0_212-b04) (build 1.8.0_212-release-1586-b04)
# Java VM: OpenJDK 64-Bit Server VM (25.212-b04 mixed mode windows-amd64 compressed oops)
Heap:
 PSYoungGen      total 391168K, used 344651K [0x00000000e0000000, 0x00000000fe780000, 0x0000000100000000)
  eden space 353280K, 87% used [0x00000000e0000000,0x00000000f2e45850,0x00000000f5900000)
  from space 37888K, 92% used [0x00000000f5900000,0x00000000f7b4d438,0x00000000f7e00000)
  to   space 41984K, 0% used [0x00000000fbe80000,0x00000000fbe80000,0x00000000fe780000)
 ParOldGen       total 214528K, used 58825K [0x00000000a0000000, 0x00000000ad180000, 0x00000000e0000000)
  object space 214528K, 27% used [0x00000000a0000000,0x00000000a3972498,0x00000000ad180000)
 Metaspace       used 83485K, capacity 88082K, committed 88152K, reserved 1126400K
  class space    used 11204K, capacity 12062K, committed 12120K, reserved 1048576K
GC Heap History (10 events):
Event: 19.873 GC heap before
{Heap before GC invocations=18 (full 3):
 PSYoungGen      total 338944K, used 326260K [0x00000000e0000000, 0x00000000f7200000, 0x0000000100000000)
  eden space 301056K, 100% used [0x00000000e0000000,0x00000000f2600000,0x00000000f2600000)
  from space 37888K, 66% used [0x00000000f4b80000,0x00000000f641d090,0x00000000f7080000)
  to   space 38400K, 0% used [0x00000000f2600000,0x00000000f2600000,0x00000000f4b80000)
 ParOldGen       total 214528K, used 40521K [0x00000000a0000000, 0x00000000ad180000, 0x00000000e0000000)
  object space 214528K, 18% used [0x00000000a0000000,0x00000000a27924a8,0x00000000ad180000)
 Metaspace       used 82265K, capacity 86702K, committed 87000K, reserved 1124352K
  class space    used 11085K, capacity 11908K, committed 11992K, reserved 1048576K
Event: 19.886 GC heap after
Heap after GC invocations=18 (full 3):
 PSYoungGen      total 339456K, used 21282K [0x00000000e0000000, 0x00000000fa280000, 0x0000000100000000)
  eden space 301056K, 0% used [0x00000000e0000000,0x00000000e0000000,0x00000000f2600000)
  from space 38400K, 55% used [0x00000000f2600000,0x00000000f3ac8980,0x00000000f4b80000)
  to   space 37376K, 0% used [0x00000000f7e00000,0x00000000f7e00000,0x00000000fa280000)
 ParOldGen       total 214528K, used 40529K [0x00000000a0000000, 0x00000000ad180000, 0x00000000e0000000)
  object space 214528K, 18% used [0x00000000a0000000,0x00000000a27944a8,0x00000000ad180000)
 Metaspace       used 82265K, capacity 86702K, committed 87000K, reserved 1124352K
  class space    used 11085K, capacity 11908K, committed 11992K, reserved 1048576K
}
Event: 20.291 GC heap before
{Heap before GC invocations=19 (full 3):
 PSYoungGen      total 339456K, used 322338K [0x00000000e0000000, 0x00000000fa280000, 0x0000000100000000)
  eden space 301056K, 100% used [0x00000000e0000000,0x00000000f2600000,0x00000000f2600000)
  from space 38400K, 55% used [0x00000000f2600000,0x00000000f3ac8980,0x00000000f4b80000)
  to   space 37376K, 0% used [0x00000000f7e00000,0x00000000f7e00000,0x00000000fa280000)
 ParOldGen       total 214528K, used 40539K [0x00000000a0000000, 0x00000000ad180000, 0x00000000e0000000)
  object space 214528K, 18% used [0x00000000a0000000,0x00000000a2796d10,0x00000000ad180000)
 Metaspace       used 82384K, capacity 86810K, committed 87000K, reserved 1124352K
  class space    used 11087K, capacity 11912K, committed 11992K, reserved 1048576K
Event: 20.317 GC heap after
Heap after GC invocations=19 (full 3):
 PSYoungGen      total 390656K, used 25082K [0x00000000e0000000, 0x00000000fb380000, 0x0000000100000000)
  eden space 353280K, 0% used [0x00000000e0000000,0x00000000e0000000,0x00000000f5900000)
  from space 37376K, 67% used [0x00000000f7e00000,0x00000000f967e9f0,0x00000000fa280000)
  to   space 37888K, 0% used [0x00000000f5900000,0x00000000f5900000,0x00000000f7e00000)
 ParOldGen       total 214528K, used 40547K [0x00000000a0000000, 0x00000000ad180000, 0x00000000e0000000)
  object space 214528K, 18% used [0x00000000a0000000,0x00000000a2798d10,0x00000000ad180000)
 Metaspace       used 82384K, capacity 86810K, committed 87000K, reserved 1124352K
  class space    used 11087K, capacity 11912K, committed 11992K, reserved 1048576K
}
Event: 20.797 GC heap before
{Heap before GC invocations=20 (full 3):
 PSYoungGen      total 390656K, used 378362K [0x00000000e0000000, 0x00000000fb380000, 0x0000000100000000)
  eden space 353280K, 100% used [0x00000000e0000000,0x00000000f5900000,0x00000000f5900000)
  from space 37376K, 67% used [0x00000000f7e00000,0x00000000f967e9f0,0x00000000fa280000)
  to   space 37888K, 0% used [0x00000000f5900000,0x00000000f5900000,0x00000000f7e00000)
 ParOldGen       total 214528K, used 41572K [0x00000000a0000000, 0x00000000ad180000, 0x00000000e0000000)
  object space 214528K, 19% used [0x00000000a0000000,0x00000000a2899218,0x00000000ad180000)
 Metaspace       used 82428K, capacity 86814K, committed 87000K, reserved 1124352K
  class space    used 11088K, capacity 11912K, committed 11992K, reserved 1048576K
Event: 20.828 GC heap after
Heap after GC invocations=20 (full 3):
 PSYoungGen      total 391168K, used 35257K [0x00000000e0000000, 0x00000000fe780000, 0x0000000100000000)
  eden space 353280K, 0% used [0x00000000e0000000,0x00000000e0000000,0x00000000f5900000)
  from space 37888K, 93% used [0x00000000f5900000,0x00000000f7b6e4c8,0x00000000f7e00000)
  to   space 41984K, 0% used [0x00000000fbe80000,0x00000000fbe80000,0x00000000fe780000)
 ParOldGen       total 214528K, used 41580K [0x00000000a0000000, 0x00000000ad180000, 0x00000000e0000000)
  object space 214528K, 19% used [0x00000000a0000000,0x00000000a289b218,0x00000000ad180000)
 Metaspace       used 82428K, capacity 86814K, committed 87000K, reserved 1124352K
  class space    used 11088K, capacity 11912K, committed 11992K, reserved 1048576K
}
Event: 21.261 GC heap before
{Heap before GC invocations=21 (full 3):
 PSYoungGen      total 391168K, used 388537K [0x00000000e0000000, 0x00000000fe780000, 0x0000000100000000)
  eden space 353280K, 100% used [0x00000000e0000000,0x00000000f5900000,0x00000000f5900000)
  from space 37888K, 93% used [0x00000000f5900000,0x00000000f7b6e4c8,0x00000000f7e00000)
  to   space 41984K, 0% used [0x00000000fbe80000,0x00000000fbe80000,0x00000000fe780000)
 ParOldGen       total 214528K, used 41582K [0x00000000a0000000, 0x00000000ad180000, 0x00000000e0000000)
  object space 214528K, 19% used [0x00000000a0000000,0x00000000a289b8e8,0x00000000ad180000)
 Metaspace       used 82661K, capacity 87048K, committed 87256K, reserved 1124352K
  class space    used 11109K, capacity 11917K, committed 11992K, reserved 1048576K
Event: 21.314 GC heap after
Heap after GC invocations=21 (full 3):
 PSYoungGen      total 395264K, used 41956K [0x00000000e0000000, 0x00000000fe780000, 0x0000000100000000)
  eden space 353280K, 0% used [0x00000000e0000000,0x00000000e0000000,0x00000000f5900000)
  from space 41984K, 99% used [0x00000000fbe80000,0x00000000fe779148,0x00000000fe780000)
  to   space 37888K, 0% used [0x00000000f5900000,0x00000000f5900000,0x00000000f7e00000)
 ParOldGen       total 214528K, used 47246K [0x00000000a0000000, 0x00000000ad180000, 0x00000000e0000000)
  object space 214528K, 22% used [0x00000000a0000000,0x00000000a2e23bb0,0x00000000ad180000)
 Metaspace       used 82661K, capacity 87048K, committed 87256K, reserved 1124352K
  class space    used 11109K, capacity 11917K, committed 11992K, reserved 1048576K
}
Event: 21.805 GC heap before
{Heap before GC invocations=22 (full 3):
 PSYoungGen      total 395264K, used 395236K [0x00000000e0000000, 0x00000000fe780000, 0x0000000100000000)
  eden space 353280K, 100% used [0x00000000e0000000,0x00000000f5900000,0x00000000f5900000)
  from space 41984K, 99% used [0x00000000fbe80000,0x00000000fe779148,0x00000000fe780000)
  to   space 37888K, 0% used [0x00000000f5900000,0x00000000f5900000,0x00000000f7e00000)
 ParOldGen       total 214528K, used 47247K [0x00000000a0000000, 0x00000000ad180000, 0x00000000e0000000)
  object space 214528K, 22% used [0x00000000a0000000,0x00000000a2e23f70,0x00000000ad180000)
 Metaspace       used 82936K, capacity 87416K, committed 87512K, reserved 1124352K
  class space    used 11135K, capacity 11963K, committed 11992K, reserved 1048576K
Event: 21.843 GC heap after
Heap after GC invocations=22 (full 3):
 PSYoungGen      total 391168K, used 35125K [0x00000000e0000000, 0x00000000fe780000, 0x0000000100000000)
  eden space 353280K, 0% used [0x00000000e0000000,0x00000000e0000000,0x00000000f5900000)
  from space 37888K, 92% used [0x00000000f5900000,0x00000000f7b4d438,0x00000000f7e00000)
  to   space 41984K, 0% used [0x00000000fbe80000,0x00000000fbe80000,0x00000000fe780000)
 ParOldGen       total 214528K, used 58825K [0x00000000a0000000, 0x00000000ad180000, 0x00000000e0000000)
  object space 214528K, 27% used [0x00000000a0000000,0x00000000a3972498,0x00000000ad180000)
 Metaspace       used 82936K, capacity 87416K, committed 87512K, reserved 1124352K
  class space    used 11135K, capacity 11963K, committed 11992K, reserved 1048576K
}

