# JRE version: OpenJDK Runtime Environment (8.0_212-b04) (build 1.8.0_212-release-1586-b04)
# Java VM: OpenJDK 64-Bit Server VM (25.212-b04 mixed mode windows-amd64 compressed oops)
Heap:
 PSYoungGen      total 468480K, used 290713K [0x00000000e0000000, 0x0000000100000000, 0x0000000100000000)
  eden space 424960K, 58% used [0x00000000e0000000,0x00000000ef32b010,0x00000000f9f00000)
  from space 43520K, 95% used [0x00000000fd580000,0x00000000ffe3b718,0x0000000100000000)
  to   space 49664K, 0% used [0x00000000f9f00000,0x00000000f9f00000,0x00000000fcf80000)
 ParOldGen       total 199680K, used 67391K [0x00000000a0000000, 0x00000000ac300000, 0x00000000e0000000)
  object space 199680K, 33% used [0x00000000a0000000,0x00000000a41cfe50,0x00000000ac300000)
 Metaspace       used 123227K, capacity 129452K, committed 129664K, reserved 1161216K
  class space    used 15958K, capacity 17209K, committed 17280K, reserved 1048576K
GC Heap History (10 events):
Event: 40.231 GC heap before
{Heap before GC invocations=16 (full 3):
 PSYoungGen      total 471552K, used 195650K [0x00000000e0000000, 0x0000000100000000, 0x0000000100000000)
  eden space 444416K, 37% used [0x00000000e0000000,0x00000000ea497180,0x00000000fb200000)
  from space 27136K, 99% used [0x00000000fe580000,0x00000000ffff99a8,0x0000000100000000)
  to   space 39936K, 0% used [0x00000000fb200000,0x00000000fb200000,0x00000000fd900000)
 ParOldGen       total 129536K, used 61259K [0x00000000a0000000, 0x00000000a7e80000, 0x00000000e0000000)
  object space 129536K, 47% used [0x00000000a0000000,0x00000000a3bd2ce8,0x00000000a7e80000)
 Metaspace       used 93849K, capacity 98324K, committed 98560K, reserved 1134592K
  class space    used 12381K, capacity 13307K, committed 13312K, reserved 1048576K
Event: 40.248 GC heap after
Heap after GC invocations=16 (full 3):
 PSYoungGen      total 484352K, used 19666K [0x00000000e0000000, 0x0000000100000000, 0x0000000100000000)
  eden space 444416K, 0% used [0x00000000e0000000,0x00000000e0000000,0x00000000fb200000)
  from space 39936K, 49% used [0x00000000fb200000,0x00000000fc534858,0x00000000fd900000)
  to   space 38400K, 0% used [0x00000000fda80000,0x00000000fda80000,0x0000000100000000)
 ParOldGen       total 129536K, used 66781K [0x00000000a0000000, 0x00000000a7e80000, 0x00000000e0000000)
  object space 129536K, 51% used [0x00000000a0000000,0x00000000a4137438,0x00000000a7e80000)
 Metaspace       used 93849K, capacity 98324K, committed 98560K, reserved 1134592K
  class space    used 12381K, capacity 13307K, committed 13312K, reserved 1048576K
}
Event: 40.248 GC heap before
{Heap before GC invocations=17 (full 4):
 PSYoungGen      total 484352K, used 19666K [0x00000000e0000000, 0x0000000100000000, 0x0000000100000000)
  eden space 444416K, 0% used [0x00000000e0000000,0x00000000e0000000,0x00000000fb200000)
  from space 39936K, 49% used [0x00000000fb200000,0x00000000fc534858,0x00000000fd900000)
  to   space 38400K, 0% used [0x00000000fda80000,0x00000000fda80000,0x0000000100000000)
 ParOldGen       total 129536K, used 66781K [0x00000000a0000000, 0x00000000a7e80000, 0x00000000e0000000)
  object space 129536K, 51% used [0x00000000a0000000,0x00000000a4137438,0x00000000a7e80000)
 Metaspace       used 93849K, capacity 98324K, committed 98560K, reserved 1134592K
  class space    used 12381K, capacity 13307K, committed 13312K, reserved 1048576K
Event: 40.466 GC heap after
Heap after GC invocations=17 (full 4):
 PSYoungGen      total 484352K, used 0K [0x00000000e0000000, 0x0000000100000000, 0x0000000100000000)
  eden space 444416K, 0% used [0x00000000e0000000,0x00000000e0000000,0x00000000fb200000)
  from space 39936K, 0% used [0x00000000fb200000,0x00000000fb200000,0x00000000fd900000)
  to   space 38400K, 0% used [0x00000000fda80000,0x00000000fda80000,0x0000000100000000)
 ParOldGen       total 199680K, used 67367K [0x00000000a0000000, 0x00000000ac300000, 0x00000000e0000000)
  object space 199680K, 33% used [0x00000000a0000000,0x00000000a41c9e50,0x00000000ac300000)
 Metaspace       used 93595K, capacity 97652K, committed 98560K, reserved 1134592K
  class space    used 12301K, capacity 13175K, committed 13312K, reserved 1048576K
}
Event: 1819.549 GC heap before
{Heap before GC invocations=18 (full 4):
 PSYoungGen      total 484352K, used 444416K [0x00000000e0000000, 0x0000000100000000, 0x0000000100000000)
  eden space 444416K, 100% used [0x00000000e0000000,0x00000000fb200000,0x00000000fb200000)
  from space 39936K, 0% used [0x00000000fb200000,0x00000000fb200000,0x00000000fd900000)
  to   space 38400K, 0% used [0x00000000fda80000,0x00000000fda80000,0x0000000100000000)
 ParOldGen       total 199680K, used 67367K [0x00000000a0000000, 0x00000000ac300000, 0x00000000e0000000)
  object space 199680K, 33% used [0x00000000a0000000,0x00000000a41c9e50,0x00000000ac300000)
 Metaspace       used 103929K, capacity 108426K, committed 108544K, reserved 1142784K
  class space    used 13357K, capacity 14302K, committed 14336K, reserved 1048576K
Event: 1819.586 GC heap after
Heap after GC invocations=18 (full 4):
 PSYoungGen      total 478720K, used 32001K [0x00000000e0000000, 0x0000000100000000, 0x0000000100000000)
  eden space 440320K, 0% used [0x00000000e0000000,0x00000000e0000000,0x00000000fae00000)
  from space 38400K, 83% used [0x00000000fda80000,0x00000000ff9c0400,0x0000000100000000)
  to   space 41984K, 0% used [0x00000000fae00000,0x00000000fae00000,0x00000000fd700000)
 ParOldGen       total 199680K, used 67375K [0x00000000a0000000, 0x00000000ac300000, 0x00000000e0000000)
  object space 199680K, 33% used [0x00000000a0000000,0x00000000a41cbe50,0x00000000ac300000)
 Metaspace       used 103929K, capacity 108426K, committed 108544K, reserved 1142784K
  class space    used 13357K, capacity 14302K, committed 14336K, reserved 1048576K
}
Event: 1870.080 GC heap before
{Heap before GC invocations=19 (full 4):
 PSYoungGen      total 478720K, used 472321K [0x00000000e0000000, 0x0000000100000000, 0x0000000100000000)
  eden space 440320K, 100% used [0x00000000e0000000,0x00000000fae00000,0x00000000fae00000)
  from space 38400K, 83% used [0x00000000fda80000,0x00000000ff9c0400,0x0000000100000000)
  to   space 41984K, 0% used [0x00000000fae00000,0x00000000fae00000,0x00000000fd700000)
 ParOldGen       total 199680K, used 67375K [0x00000000a0000000, 0x00000000ac300000, 0x00000000e0000000)
  object space 199680K, 33% used [0x00000000a0000000,0x00000000a41cbe50,0x00000000ac300000)
 Metaspace       used 108566K, capacity 113434K, committed 113536K, reserved 1148928K
  class space    used 13886K, capacity 14930K, committed 14976K, reserved 1048576K
Event: 1870.108 GC heap after
Heap after GC invocations=19 (full 4):
 PSYoungGen      total 470528K, used 29946K [0x00000000e0000000, 0x0000000100000000, 0x0000000100000000)
  eden space 440320K, 0% used [0x00000000e0000000,0x00000000e0000000,0x00000000fae00000)
  from space 30208K, 99% used [0x00000000fae00000,0x00000000fcb3e848,0x00000000fcb80000)
  to   space 43520K, 0% used [0x00000000fd580000,0x00000000fd580000,0x0000000100000000)
 ParOldGen       total 199680K, used 67383K [0x00000000a0000000, 0x00000000ac300000, 0x00000000e0000000)
  object space 199680K, 33% used [0x00000000a0000000,0x00000000a41cde50,0x00000000ac300000)
 Metaspace       used 108566K, capacity 113434K, committed 113536K, reserved 1148928K
  class space    used 13886K, capacity 14930K, committed 14976K, reserved 1048576K
}
Event: 1875.197 GC heap before
{Heap before GC invocations=20 (full 4):
 PSYoungGen      total 470528K, used 470266K [0x00000000e0000000, 0x0000000100000000, 0x0000000100000000)
  eden space 440320K, 100% used [0x00000000e0000000,0x00000000fae00000,0x00000000fae00000)
  from space 30208K, 99% used [0x00000000fae00000,0x00000000fcb3e848,0x00000000fcb80000)
  to   space 43520K, 0% used [0x00000000fd580000,0x00000000fd580000,0x0000000100000000)
 ParOldGen       total 199680K, used 67383K [0x00000000a0000000, 0x00000000ac300000, 0x00000000e0000000)
  object space 199680K, 33% used [0x00000000a0000000,0x00000000a41cde50,0x00000000ac300000)
 Metaspace       used 119908K, capacity 125360K, committed 125440K, reserved 1159168K
  class space    used 15506K, capacity 16623K, committed 16640K, reserved 1048576K
Event: 1875.256 GC heap after
Heap after GC invocations=20 (full 4):
 PSYoungGen      total 468480K, used 41709K [0x00000000e0000000, 0x0000000100000000, 0x0000000100000000)
  eden space 424960K, 0% used [0x00000000e0000000,0x00000000e0000000,0x00000000f9f00000)
  from space 43520K, 95% used [0x00000000fd580000,0x00000000ffe3b718,0x0000000100000000)
  to   space 49664K, 0% used [0x00000000f9f00000,0x00000000f9f00000,0x00000000fcf80000)
 ParOldGen       total 199680K, used 67391K [0x00000000a0000000, 0x00000000ac300000, 0x00000000e0000000)
  object space 199680K, 33% used [0x00000000a0000000,0x00000000a41cfe50,0x00000000ac300000)
 Metaspace       used 119908K, capacity 125360K, committed 125440K, reserved 1159168K
  class space    used 15506K, capacity 16623K, committed 16640K, reserved 1048576K
}

